15-12-2023 22:31:45 [1702675905297]: INFO - Le logiciel démarre ...
15-12-2023 22:31:45 [1702675905324]: ERREUR - Aucune base de donnée n'existe
15-12-2023 22:31:45 [1702675905324]: ERREUR - Veuillez executer le logiciel en précisant le chemin vers une source au format csv séparé par des virgules
15-12-2023 22:43:02 [1702676582791]: INFO - Le logiciel démarre ...
15-12-2023 22:43:02 [1702676582792]: ERREUR - Aucune base de donnée n'existe
15-12-2023 22:43:02 [1702676582792]: ERREUR - Veuillez executer le logiciel en précisant le chemin vers une source
15-12-2023 22:43:02 [1702676582792]: ERREUR - Elle doit être au format csv, séparé par des virgules
15-12-2023 22:45:27 [1702676727119]: INFO - Le logiciel démarre ...
15-12-2023 22:45:27 [1702676727120]: INFO - Recherche du fichier passé en argument : ../docs/source.csv
15-12-2023 22:45:27 [1702676727120]: INFO - Fichier ouvert avec succès.
15-12-2023 22:46:11 [1702676771045]: INFO - Le programme démarre ...
15-12-2023 22:46:11 [1702676771045]: INFO - Recherche du fichier passé en argument : ../docs/source.csv
15-12-2023 22:46:11 [1702676771046]: INFO - Fichier ouvert avec succès.
15-12-2023 22:46:11 [1702676771046]: INFO - Fin du programme ...
15-12-2023 22:46:45 [1702676805357]: INFO - Le programme démarre ...
15-12-2023 22:46:45 [1702676805358]: INFO - Recherche du fichier passé en argument : ../docs/source.cshv
15-12-2023 22:46:45 [1702676805358]: ERREUR - Le fichier ../docs/source.cshv est introuvable
15-12-2023 22:47:04 [1702676824324]: INFO - Le programme démarre ...
15-12-2023 22:47:04 [1702676824324]: INFO - Recherche du fichier passé en argument : ../docs/source.cshv
15-12-2023 22:47:04 [1702676824324]: ERREUR - Le fichier ../docs/source.cshv est introuvable
15-12-2023 22:47:37 [1702676857207]: INFO - Le programme démarre ...
15-12-2023 22:47:37 [1702676857208]: INFO - Recherche du fichier passé en argument : ../docs/source.csv
15-12-2023 22:47:37 [1702676857209]: INFO - Fichier ouvert avec succès.
15-12-2023 22:47:37 [1702676857209]: INFO - Fin du programme
15-12-2023 22:57:01 [1702677421028]: INFO - Le programme démarre ...
15-12-2023 22:57:01 [1702677421029]: INFO - Recherche du fichier passé en argument : ../docs/source.csv
15-12-2023 22:57:01 [1702677421030]: INFO - Fichier ouvert avec succès.
15-12-2023 22:57:01 [1702677421030]: INFO - Fin du programme
15-12-2023 23:16:05 [1702678565926]: INFO - Le programme démarre ...
15-12-2023 23:16:05 [1702678565927]: INFO - Recherche du fichier passé en argument : ../docs/source.csv
15-12-2023 23:16:05 [1702678565927]: INFO - Fichier ouvert avec succès
15-12-2023 23:16:05 [1702678565927]: INFO - Création de la base de donnée à partir de la source ...
15-12-2023 23:16:05 [1702678565927]: INFO - Fin du programme
15-12-2023 23:17:34 [1702678654935]: INFO - Le programme démarre ...
15-12-2023 23:17:34 [1702678654936]: INFO - Recherche du fichier passé en argument : ../docs/source.csv
15-12-2023 23:17:34 [1702678654936]: INFO - Fichier ouvert avec succès
15-12-2023 23:17:34 [1702678654936]: INFO - Création de la base de donnée à partir de la source ...
15-12-2023 23:17:34 [1702678654937]: INFO - Fin du programme
