16-12-2023 01:44:26 [1702687466995]: INFO - Le programme démarre ...
16-12-2023 01:44:26 [1702687466995]: INFO - Recherche du fichier passé en argument : ../docs/source.csv
16-12-2023 01:44:26 [1702687466996]: INFO - Fichier ouvert avec succès
16-12-2023 01:44:26 [1702687466996]: INFO - Création de la base de donnée à partir de la source ...
16-12-2023 01:44:26 [1702687466996]: INFO - Detection des en-têtes ...
16-12-2023 01:44:26 [1702687466996]: INFO - Colonnes: {'postes': 0, 'sous-postes': 1, 'libellé ministère': 7, 'balance sortie 2022': 8}
16-12-2023 02:28:20 [1702690100557]: INFO - Le programme démarre ...
16-12-2023 02:28:20 [1702690100558]: INFO - Recherche du fichier passé en argument : ../docs/source.csv
16-12-2023 02:28:20 [1702690100558]: INFO - Fichier ouvert avec succès
16-12-2023 02:28:20 [1702690100558]: INFO - Création de la base de donnée à partir de la source ...
16-12-2023 02:28:20 [1702690100558]: INFO - Detection des en-têtes ...
16-12-2023 02:28:20 [1702690100559]: INFO - Colonnes: {'postes': 0, 'sous-postes': 1, 'libellé ministère': 7, 'balance sortie 2022': 8}
16-12-2023 02:28:20 [1702690100559]: INFO - Regroupement du contenu du fichier source par ministère...
16-12-2023 02:48:27 [1702691307587]: INFO - Le programme démarre ...
16-12-2023 02:48:27 [1702691307587]: INFO - Recherche du fichier passé en argument : ../docs/source.csv
16-12-2023 02:48:27 [1702691307588]: INFO - Fichier ouvert avec succès
16-12-2023 02:48:27 [1702691307588]: INFO - Création de la base de donnée à partir de la source ...
16-12-2023 02:48:27 [1702691307588]: INFO - Détection des colonnes du fichier source ...
16-12-2023 02:48:27 [1702691307588]: INFO - Colonnes: {'postes': 0, 'sous-postes': 1, 'ministère': 7, '2022': 8, '2012': 18}
16-12-2023 02:48:27 [1702691307588]: INFO - Regroupement du contenu du fichier source par ministère...
16-12-2023 02:48:41 [1702691321529]: INFO - Le programme démarre ...
16-12-2023 02:48:41 [1702691321530]: INFO - Recherche du fichier passé en argument : ../docs/source.csv
16-12-2023 02:48:41 [1702691321530]: INFO - Fichier ouvert avec succès
16-12-2023 02:48:41 [1702691321530]: INFO - Création de la base de donnée à partir de la source ...
16-12-2023 02:48:41 [1702691321531]: INFO - Détection des colonnes du fichier source ...
16-12-2023 02:48:41 [1702691321531]: INFO - Colonnes: {'postes': 0, 'sous-postes': 1, 'ministère': 7, '2022': 8, '2012': 18}
16-12-2023 02:48:41 [1702691321531]: INFO - Regroupement du contenu du fichier source par ministère...
